<?xml version="1.0" encoding="UTF-8"?>
<testsuite name="nl.ithelden.NDTRCSerializerTest" tests="8" skipped="0" failures="0" errors="0" timestamp="2020-06-26T14:04:13" hostname="Maurices-MacBook-Pro-3.local" time="0.787">
  <properties/>
  <testcase name="testTRCItemCategoriesTypes" classname="nl.ithelden.NDTRCSerializerTest" time="0.176"/>
  <testcase name="testContactInfo" classname="nl.ithelden.NDTRCSerializerTest" time="0.065"/>
  <testcase name="testCalendarSingleDate" classname="nl.ithelden.NDTRCSerializerTest" time="0.062"/>
  <testcase name="testErrorInProduction" classname="nl.ithelden.NDTRCSerializerTest" time="0.465"/>
  <testcase name="testExtraPriceInformations" classname="nl.ithelden.NDTRCSerializerTest" time="0.003"/>
  <testcase name="testCalendarPatternDate" classname="nl.ithelden.NDTRCSerializerTest" time="0.01"/>
  <testcase name="testGISCoordinate" classname="nl.ithelden.NDTRCSerializerTest" time="0.0"/>
  <testcase name="testTRCItemCategories" classname="nl.ithelden.NDTRCSerializerTest" time="0.005"/>
  <system-out><![CDATA[]]></system-out>
  <system-err><![CDATA[]]></system-err>
</testsuite>
