<?xml version="1.0" encoding="UTF-8"?>
<testsuite name="nl.ithelden.NDTRCParserTest" tests="2" skipped="0" failures="0" errors="0" timestamp="2020-06-26T12:17:37" hostname="Maurices-MacBook-Pro-3.local" time="0.11">
  <properties/>
  <testcase name="testTRCItemRoot" classname="nl.ithelden.NDTRCParserTest" time="0.109"/>
  <testcase name="testExtraPriceInformations" classname="nl.ithelden.NDTRCParserTest" time="0.0"/>
  <system-out><![CDATA[]]></system-out>
  <system-err><![CDATA[]]></system-err>
</testsuite>
