<?xml version="1.0" encoding="UTF-8"?>
<testsuite name="nl.ithelden.NDTRCParserTest" tests="2" skipped="0" failures="0" errors="0" timestamp="2020-06-26T12:04:18" hostname="Maurices-MacBook-Pro-3.local" time="0.101">
  <properties/>
  <testcase name="testTRCItemRoot" classname="nl.ithelden.NDTRCParserTest" time="0.099"/>
  <testcase name="testExtraPriceInformations" classname="nl.ithelden.NDTRCParserTest" time="0.001"/>
  <system-out><![CDATA[]]></system-out>
  <system-err><![CDATA[]]></system-err>
</testsuite>
