<?xml version="1.0" encoding="UTF-8"?>
<testsuite name="nl.ithelden.NDTRCSerializerTest" tests="8" skipped="0" failures="0" errors="0" timestamp="2020-06-26T12:45:13" hostname="Maurices-MacBook-Pro-3.local" time="0.906">
  <properties/>
  <testcase name="testTRCItemCategoriesTypes" classname="nl.ithelden.NDTRCSerializerTest" time="0.206"/>
  <testcase name="testContactInfo" classname="nl.ithelden.NDTRCSerializerTest" time="0.07"/>
  <testcase name="testCalendarSingleDate" classname="nl.ithelden.NDTRCSerializerTest" time="0.073"/>
  <testcase name="testErrorInProduction" classname="nl.ithelden.NDTRCSerializerTest" time="0.538"/>
  <testcase name="testExtraPriceInformations" classname="nl.ithelden.NDTRCSerializerTest" time="0.003"/>
  <testcase name="testCalendarPatternDate" classname="nl.ithelden.NDTRCSerializerTest" time="0.01"/>
  <testcase name="testGISCoordinate" classname="nl.ithelden.NDTRCSerializerTest" time="0.001"/>
  <testcase name="testTRCItemCategories" classname="nl.ithelden.NDTRCSerializerTest" time="0.004"/>
  <system-out><![CDATA[]]></system-out>
  <system-err><![CDATA[]]></system-err>
</testsuite>
